<?xml version="1.0" encoding="UTF-8"?>
<!-- Generated by org.testng.reporters.JUnitReportReporter -->
<testsuite hostname="rd-mabdelkader" failures="0" tests="3" name="tests.testExamples" time="4.527" errors="0" timestamp="2021-12-17T22:22:17 EET" skipped="0">
  <testcase classname="tests.testExamples" name="testPost" time="0.537"/>
  <system-out/>
  <testcase classname="tests.testExamples" name="testGetPostById" time="0.335"/>
  <system-out/>
  <testcase classname="tests.testExamples" name="testGetAllPosts" time="3.655"/>
  <system-out/>
</testsuite> <!-- tests.testExamples -->
